<?xml version="1.0" encoding="UTF-8"?>
<!-- Generated by org.testng.reporters.JUnitXMLReporter -->
<testsuite ignored="0" hostname="zMachine" failures="0" tests="2" name="Default test" time="46.845" errors="0" timestamp="2021-02-25T15:11:44 AEDT">
  <testcase classname="com.RealEstate.testCases.PropertiesForSaleTest" name="List_all_properties_Test" time="10.52"/>
  <testcase classname="com.RealEstate.testCases.PropertiesForSaleTest" name="Verify_AgentDetailsTest" time="7.079"/>
</testsuite> <!-- Default test -->
