<?xml version="1.0" encoding="UTF-8"?>
<!-- Generated by org.testng.reporters.JUnitXMLReporter -->
<testsuite ignored="0" hostname="zMachine" failures="0" tests="2" name="Default test" time="40.77" errors="0" timestamp="2021-02-23T17:45:01 AEDT">
  <testcase classname="com.RealEstate.testCases.PropertiesForSaleTest" name="List_all_properties_Test" time="7.328"/>
  <testcase classname="com.RealEstate.testCases.PropertiesForSaleTest" name="Verify_AgentDetailsTest" time="7.139"/>
</testsuite> <!-- Default test -->
