<?xml version="1.0" encoding="UTF-8"?>
<!-- Generated by org.testng.reporters.JUnitXMLReporter -->
<testsuite ignored="0" hostname="zMachine" failures="0" tests="5" name="Test" time="123.092" errors="0" timestamp="2021-02-25T15:10:15 AEDT">
  <testcase classname="com.RealEstate.testCases.HomePageTest" name="verify_Title_Test" time="0.014"/>
  <testcase classname="com.RealEstate.testCases.HomePageTest" name="Search_Property_Test" time="11.028"/>
  <testcase classname="com.RealEstate.testCases.PropertiesForSaleTest" name="List_all_properties_Test" time="10.914"/>
  <testcase classname="com.RealEstate.testCases.PropertiesForSaleTest" name="Verify_AgentDetailsTest" time="8.132"/>
  <testcase classname="com.RealEstate.testCases.AgentInfoTest" name="verifyAgentLabel" time="0.061"/>
</testsuite> <!-- Test -->
