<?xml version="1.0" encoding="UTF-8"?>
<testng-results ignored="0" total="2" passed="2" failed="0" skipped="0">
  <reporter-output>
  </reporter-output>
  <suite started-at="2021-02-25T15:10:58 AEDT" name="Default suite" finished-at="2021-02-25T15:11:44 AEDT" duration-ms="46845">
    <groups>
    </groups>
    <test started-at="2021-02-25T15:10:58 AEDT" name="Default test" finished-at="2021-02-25T15:11:44 AEDT" duration-ms="46845">
      <class name="com.RealEstate.testCases.PropertiesForSaleTest">
        <test-method is-config="true" signature="Setup()[pri:0, instance:com.RealEstate.testCases.PropertiesForSaleTest@6be968ce]" started-at="2021-02-25T15:10:58 AEDT" name="Setup" finished-at="2021-02-25T15:11:26 AEDT" duration-ms="27911" status="PASS">
          <reporter-output>
          </reporter-output>
        </test-method> <!-- Setup -->
        <test-method signature="List_all_properties_Test()[pri:0, instance:com.RealEstate.testCases.PropertiesForSaleTest@6be968ce]" started-at="2021-02-25T15:11:26 AEDT" name="List_all_properties_Test" finished-at="2021-02-25T15:11:36 AEDT" duration-ms="10520" status="PASS">
          <reporter-output>
          </reporter-output>
        </test-method> <!-- List_all_properties_Test -->
        <test-method signature="Verify_AgentDetailsTest()[pri:0, instance:com.RealEstate.testCases.PropertiesForSaleTest@6be968ce]" started-at="2021-02-25T15:11:36 AEDT" name="Verify_AgentDetailsTest" finished-at="2021-02-25T15:11:43 AEDT" duration-ms="7079" status="PASS">
          <reporter-output>
          </reporter-output>
        </test-method> <!-- Verify_AgentDetailsTest -->
        <test-method is-config="true" signature="tearDown()[pri:0, instance:com.RealEstate.testCases.PropertiesForSaleTest@6be968ce]" started-at="2021-02-25T15:11:43 AEDT" name="tearDown" finished-at="2021-02-25T15:11:44 AEDT" duration-ms="1286" status="PASS">
          <reporter-output>
          </reporter-output>
        </test-method> <!-- tearDown -->
      </class> <!-- com.RealEstate.testCases.PropertiesForSaleTest -->
    </test> <!-- Default test -->
  </suite> <!-- Default suite -->
</testng-results>
