<?xml version="1.0" encoding="UTF-8"?>
<testng-results ignored="0" total="1" passed="1" failed="0" skipped="0">
  <reporter-output>
  </reporter-output>
  <suite started-at="2021-02-23T16:45:51 AEDT" name="Default suite" finished-at="2021-02-23T16:46:18 AEDT" duration-ms="27618">
    <groups>
    </groups>
    <test started-at="2021-02-23T16:45:51 AEDT" name="Default test" finished-at="2021-02-23T16:46:18 AEDT" duration-ms="27618">
      <class name="com.RealEstate.testCases.PropertiesForSaleTest">
        <test-method is-config="true" signature="Setup()[pri:0, instance:com.RealEstate.testCases.PropertiesForSaleTest@247310d0]" started-at="2021-02-23T16:45:51 AEDT" name="Setup" finished-at="2021-02-23T16:46:09 AEDT" duration-ms="18494" status="PASS">
          <reporter-output>
          </reporter-output>
        </test-method> <!-- Setup -->
        <test-method signature="List_all_properties_Test()[pri:0, instance:com.RealEstate.testCases.PropertiesForSaleTest@247310d0]" started-at="2021-02-23T16:46:09 AEDT" name="List_all_properties_Test" finished-at="2021-02-23T16:46:18 AEDT" duration-ms="8881" status="PASS">
          <reporter-output>
          </reporter-output>
        </test-method> <!-- List_all_properties_Test -->
        <test-method is-config="true" signature="tearDown()[pri:0, instance:com.RealEstate.testCases.PropertiesForSaleTest@247310d0]" started-at="2021-02-23T16:46:18 AEDT" name="tearDown" finished-at="2021-02-23T16:46:18 AEDT" duration-ms="196" status="PASS">
          <reporter-output>
          </reporter-output>
        </test-method> <!-- tearDown -->
      </class> <!-- com.RealEstate.testCases.PropertiesForSaleTest -->
    </test> <!-- Default test -->
  </suite> <!-- Default suite -->
</testng-results>
